2025-06-04 12:33:26,540 [1] INFO Microsoft.Hosting.Lifetime - Now listening on: https://localhost:7240
2025-06-04 12:33:26,547 [1] INFO Microsoft.Hosting.Lifetime - Now listening on: http://localhost:5173
2025-06-04 12:33:26,549 [1] INFO Microsoft.Hosting.Lifetime - Application started. Press Ctrl+C to shut down.
2025-06-04 12:33:26,549 [1] INFO Microsoft.Hosting.Lifetime - Hosting environment: Development
2025-06-04 12:33:26,550 [1] INFO Microsoft.Hosting.Lifetime - Content root path: /Users/aditirajesh/Desktop/GenSpark-Training/May28/FirstAPI
2025-06-04 12:33:57,205 [.NET TP Worker] INFO Microsoft.EntityFrameworkCore.Database.Command - Executed DbCommand (46ms) [Parameters=[@__key_0='?'], CommandType='Text', CommandTimeout='30']
SELECT u."Username", u."HashKey", u."Password", u."Role", d."Id", d."Email", d."Name", d."Status", d."YearsOfExperience"
FROM "Users" AS u
LEFT JOIN "Doctors" AS d ON u."Username" = d."Email"
WHERE u."Username" = @__key_0
LIMIT 2
2025-06-04 12:34:37,300 [.NET Signal Handler] INFO Microsoft.Hosting.Lifetime - Application is shutting down...
2025-06-05 12:19:13,703 [1] INFO Microsoft.Hosting.Lifetime - Now listening on: https://localhost:7240
2025-06-05 12:19:13,710 [1] INFO Microsoft.Hosting.Lifetime - Now listening on: http://localhost:5173
2025-06-05 12:19:13,713 [1] INFO Microsoft.Hosting.Lifetime - Application started. Press Ctrl+C to shut down.
2025-06-05 12:19:13,713 [1] INFO Microsoft.Hosting.Lifetime - Hosting environment: Development
2025-06-05 12:19:13,713 [1] INFO Microsoft.Hosting.Lifetime - Content root path: /Users/aditirajesh/Desktop/GenSpark-Training/May28/FirstAPI
2025-06-05 12:22:45,564 [.NET Signal Handler] INFO Microsoft.Hosting.Lifetime - Application is shutting down...
2025-06-05 12:23:46,888 [1] INFO Microsoft.Hosting.Lifetime - Now listening on: https://localhost:7240
2025-06-05 12:23:46,895 [1] INFO Microsoft.Hosting.Lifetime - Now listening on: http://localhost:5173
2025-06-05 12:23:46,898 [1] INFO Microsoft.Hosting.Lifetime - Application started. Press Ctrl+C to shut down.
2025-06-05 12:23:46,899 [1] INFO Microsoft.Hosting.Lifetime - Hosting environment: Development
2025-06-05 12:23:46,899 [1] INFO Microsoft.Hosting.Lifetime - Content root path: /Users/aditirajesh/Desktop/GenSpark-Training/May28/FirstAPI
2025-06-05 12:28:28,809 [.NET Signal Handler] INFO Microsoft.Hosting.Lifetime - Application is shutting down...
2025-06-05 12:28:39,791 [1] INFO Microsoft.Hosting.Lifetime - Now listening on: https://localhost:7240
2025-06-05 12:28:39,802 [1] INFO Microsoft.Hosting.Lifetime - Now listening on: http://localhost:5173
2025-06-05 12:28:39,807 [1] INFO Microsoft.Hosting.Lifetime - Application started. Press Ctrl+C to shut down.
2025-06-05 12:28:39,807 [1] INFO Microsoft.Hosting.Lifetime - Hosting environment: Development
2025-06-05 12:28:39,807 [1] INFO Microsoft.Hosting.Lifetime - Content root path: /Users/aditirajesh/Desktop/GenSpark-Training/May28/FirstAPI
2025-06-05 12:31:31,862 [.NET Signal Handler] INFO Microsoft.Hosting.Lifetime - Application is shutting down...
2025-06-05 12:31:47,154 [1] INFO Microsoft.Hosting.Lifetime - Now listening on: http://localhost:7240
2025-06-05 12:31:47,187 [1] INFO Microsoft.Hosting.Lifetime - Application started. Press Ctrl+C to shut down.
2025-06-05 12:31:47,187 [1] INFO Microsoft.Hosting.Lifetime - Hosting environment: Development
2025-06-05 12:31:47,187 [1] INFO Microsoft.Hosting.Lifetime - Content root path: /Users/aditirajesh/Desktop/GenSpark-Training/May28/FirstAPI
2025-06-05 12:34:50,331 [.NET Signal Handler] INFO Microsoft.Hosting.Lifetime - Application is shutting down...
2025-06-05 12:35:12,377 [1] INFO Microsoft.Hosting.Lifetime - Now listening on: http://localhost:7240
2025-06-05 12:35:12,410 [1] INFO Microsoft.Hosting.Lifetime - Application started. Press Ctrl+C to shut down.
2025-06-05 12:35:12,410 [1] INFO Microsoft.Hosting.Lifetime - Hosting environment: Development
2025-06-05 12:35:12,410 [1] INFO Microsoft.Hosting.Lifetime - Content root path: /Users/aditirajesh/Desktop/GenSpark-Training/May28/FirstAPI
2025-06-05 12:39:47,630 [1] INFO Microsoft.Hosting.Lifetime - Now listening on: https://localhost:7240
2025-06-05 12:39:47,637 [1] INFO Microsoft.Hosting.Lifetime - Now listening on: http://localhost:5173
2025-06-05 12:39:47,641 [1] INFO Microsoft.Hosting.Lifetime - Application started. Press Ctrl+C to shut down.
2025-06-05 12:39:47,641 [1] INFO Microsoft.Hosting.Lifetime - Hosting environment: Development
2025-06-05 12:39:47,641 [1] INFO Microsoft.Hosting.Lifetime - Content root path: /Users/aditirajesh/Desktop/GenSpark-Training/May28/FirstAPI
2025-06-05 12:45:31,292 [.NET Signal Handler] INFO Microsoft.Hosting.Lifetime - Application is shutting down...
2025-06-05 12:45:37,886 [1] INFO Microsoft.Hosting.Lifetime - Now listening on: https://localhost:7240
2025-06-05 12:45:37,893 [1] INFO Microsoft.Hosting.Lifetime - Now listening on: http://localhost:5173
2025-06-05 12:45:37,895 [1] INFO Microsoft.Hosting.Lifetime - Application started. Press Ctrl+C to shut down.
2025-06-05 12:45:37,896 [1] INFO Microsoft.Hosting.Lifetime - Hosting environment: Development
2025-06-05 12:45:37,896 [1] INFO Microsoft.Hosting.Lifetime - Content root path: /Users/aditirajesh/Desktop/GenSpark-Training/May28/FirstAPI
2025-06-05 12:46:49,261 [1] INFO Microsoft.Hosting.Lifetime - Now listening on: https://localhost:7240
2025-06-05 12:46:49,268 [1] INFO Microsoft.Hosting.Lifetime - Now listening on: http://localhost:5173
2025-06-05 12:46:49,271 [1] INFO Microsoft.Hosting.Lifetime - Application started. Press Ctrl+C to shut down.
2025-06-05 12:46:49,271 [1] INFO Microsoft.Hosting.Lifetime - Hosting environment: Development
2025-06-05 12:46:49,271 [1] INFO Microsoft.Hosting.Lifetime - Content root path: /Users/aditirajesh/Desktop/GenSpark-Training/May28/FirstAPI
2025-06-05 12:57:15,263 [1] INFO Microsoft.Hosting.Lifetime - Now listening on: https://localhost:7240
2025-06-05 12:57:15,270 [1] INFO Microsoft.Hosting.Lifetime - Now listening on: http://localhost:5173
2025-06-05 12:57:15,273 [1] INFO Microsoft.Hosting.Lifetime - Application started. Press Ctrl+C to shut down.
2025-06-05 12:57:15,273 [1] INFO Microsoft.Hosting.Lifetime - Hosting environment: Development
2025-06-05 12:57:15,273 [1] INFO Microsoft.Hosting.Lifetime - Content root path: /Users/aditirajesh/Desktop/GenSpark-Training/May28/FirstAPI
2025-06-05 13:08:14,666 [.NET Signal Handler] INFO Microsoft.Hosting.Lifetime - Application is shutting down...
2025-06-05 13:08:29,346 [1] INFO Microsoft.Hosting.Lifetime - Now listening on: https://localhost:7240
2025-06-05 13:08:29,353 [1] INFO Microsoft.Hosting.Lifetime - Now listening on: http://localhost:5173
2025-06-05 13:08:29,355 [1] INFO Microsoft.Hosting.Lifetime - Application started. Press Ctrl+C to shut down.
2025-06-05 13:08:29,355 [1] INFO Microsoft.Hosting.Lifetime - Hosting environment: Development
2025-06-05 13:08:29,355 [1] INFO Microsoft.Hosting.Lifetime - Content root path: /Users/aditirajesh/Desktop/GenSpark-Training/May28/FirstAPI
2025-06-05 13:19:47,698 [1] ERROR Microsoft.Extensions.Hosting.Internal.Host - Hosting failed to start
System.IO.IOException: Failed to bind to address http://127.0.0.1:7240: address already in use.
 ---> Microsoft.AspNetCore.Connections.AddressInUseException: Address already in use
 ---> System.Net.Sockets.SocketException (48): Address already in use
   at System.Net.Sockets.Socket.DoBind(EndPoint endPointSnapshot, SocketAddress socketAddress)
   at System.Net.Sockets.Socket.Bind(EndPoint localEP)
   at Microsoft.AspNetCore.Server.Kestrel.Transport.Sockets.SocketTransportOptions.CreateDefaultBoundListenSocket(EndPoint endpoint)
   at Microsoft.AspNetCore.Server.Kestrel.Transport.Sockets.SocketConnectionListener.Bind()
   --- End of inner exception stack trace ---
   at Microsoft.AspNetCore.Server.Kestrel.Transport.Sockets.SocketConnectionListener.Bind()
   at Microsoft.AspNetCore.Server.Kestrel.Transport.Sockets.SocketTransportFactory.BindAsync(EndPoint endpoint, CancellationToken cancellationToken)
   at Microsoft.AspNetCore.Server.Kestrel.Core.Internal.Infrastructure.TransportManager.BindAsync(EndPoint endPoint, ConnectionDelegate connectionDelegate, EndpointConfig endpointConfig, CancellationToken cancellationToken)
   at Microsoft.AspNetCore.Server.Kestrel.Core.KestrelServerImpl.<>c__DisplayClass28_0`1.<<StartAsync>g__OnBind|0>d.MoveNext()
--- End of stack trace from previous location ---
   at Microsoft.AspNetCore.Server.Kestrel.Core.Internal.AddressBinder.BindEndpointAsync(ListenOptions endpoint, AddressBindContext context, CancellationToken cancellationToken)
   --- End of inner exception stack trace ---
   at Microsoft.AspNetCore.Server.Kestrel.Core.Internal.AddressBinder.BindEndpointAsync(ListenOptions endpoint, AddressBindContext context, CancellationToken cancellationToken)
   at Microsoft.AspNetCore.Server.Kestrel.Core.LocalhostListenOptions.BindAsync(AddressBindContext context, CancellationToken cancellationToken)
   at Microsoft.AspNetCore.Server.Kestrel.Core.Internal.AddressBinder.AddressesStrategy.BindAsync(AddressBindContext context, CancellationToken cancellationToken)
   at Microsoft.AspNetCore.Server.Kestrel.Core.KestrelServerImpl.BindAsync(CancellationToken cancellationToken)
   at Microsoft.AspNetCore.Server.Kestrel.Core.KestrelServerImpl.StartAsync[TContext](IHttpApplication`1 application, CancellationToken cancellationToken)
   at Microsoft.AspNetCore.Hosting.GenericWebHostService.StartAsync(CancellationToken cancellationToken)
   at Microsoft.Extensions.Hosting.Internal.Host.<StartAsync>b__14_1(IHostedService service, CancellationToken token)
   at Microsoft.Extensions.Hosting.Internal.Host.ForeachService[T](IEnumerable`1 services, CancellationToken token, Boolean concurrent, Boolean abortOnFirstException, List`1 exceptions, Func`3 operation)
2025-06-05 13:20:29,343 [1] INFO Microsoft.Hosting.Lifetime - Now listening on: http://localhost:7240
2025-06-05 13:20:29,372 [1] INFO Microsoft.Hosting.Lifetime - Now listening on: http://localhost:5173
2025-06-05 13:20:29,374 [1] INFO Microsoft.Hosting.Lifetime - Application started. Press Ctrl+C to shut down.
2025-06-05 13:20:29,375 [1] INFO Microsoft.Hosting.Lifetime - Hosting environment: Development
2025-06-05 13:20:29,375 [1] INFO Microsoft.Hosting.Lifetime - Content root path: /Users/aditirajesh/Desktop/GenSpark-Training/May28/FirstAPI
